c:\program files\microsoft sdks\kinect\v2.0_1409\samples\native\depthbasics-d2d\x64\debug\vc142.pdb
c:\program files\microsoft sdks\kinect\v2.0_1409\samples\native\depthbasics-d2d\x64\debug\vc142.idb
c:\program files\microsoft sdks\kinect\v2.0_1409\samples\native\depthbasics-d2d\x64\debug\imagerenderer.obj
c:\program files\microsoft sdks\kinect\v2.0_1409\samples\native\depthbasics-d2d\x64\debug\depthbasics.obj
c:\users\caden\desktop\grain weevil\kinect-depth-camera\x64\debug\vc143.pdb
c:\users\caden\desktop\grain weevil\kinect-depth-camera\x64\debug\vc143.idb
c:\users\caden\desktop\grain weevil\kinect-depth-camera\x64\debug\imagerenderer.obj
c:\users\caden\desktop\grain weevil\kinect-depth-camera\x64\debug\depthbasics.obj
c:\program files\microsoft sdks\kinect\v2.0_1409\samples\native\depthbasics-d2d\x64\debug\depthbasics-d2d.exe
c:\program files\microsoft sdks\kinect\v2.0_1409\samples\native\depthbasics-d2d\x64\debug\depthbasics-d2d.ilk
c:\program files\microsoft sdks\kinect\v2.0_1409\samples\native\depthbasics-d2d\x64\debug\depthbasics-d2d.pdb
c:\users\caden\desktop\grain weevil\kinect-depth-camera\x64\debug\depthbasics-d2d.exe
c:\users\caden\desktop\grain weevil\kinect-depth-camera\x64\debug\depthbasics-d2d.ilk
c:\users\caden\desktop\grain weevil\kinect-depth-camera\x64\debug\depthbasics-d2d.pdb
c:\program files\microsoft sdks\kinect\v2.0_1409\samples\native\depthbasics-d2d\x64\debug\depthbasics.res
c:\users\caden\desktop\grain weevil\kinect-depth-camera\x64\debug\depthbasics.res
c:\users\caden\desktop\grain weevil\kinect-depth-camera\x64\debug\depthbasics.obj.enc
c:\users\caden\desktop\grain weevil\kinect-depth-camera\x64\debug\vc142.idb
c:\users\caden\desktop\grain weevil\kinect-depth-camera\x64\debug\vc142.pdb
c:\users\caden\desktop\grain weevil\kinect-depth-camera\x64\debug\depthbasics-d2d.tlog\cl.command.1.tlog
c:\users\caden\desktop\grain weevil\kinect-depth-camera\x64\debug\depthbasics-d2d.tlog\cl.read.1.tlog
c:\users\caden\desktop\grain weevil\kinect-depth-camera\x64\debug\depthbasics-d2d.tlog\cl.write.1.tlog
c:\users\caden\desktop\grain weevil\kinect-depth-camera\x64\debug\depthbasics-d2d.tlog\link.command.1.tlog
c:\users\caden\desktop\grain weevil\kinect-depth-camera\x64\debug\depthbasics-d2d.tlog\link.read.1.tlog
c:\users\caden\desktop\grain weevil\kinect-depth-camera\x64\debug\depthbasics-d2d.tlog\link.write.1.tlog
c:\users\caden\desktop\grain weevil\kinect-depth-camera\x64\debug\depthbasics-d2d.tlog\rc.command.1.tlog
c:\users\caden\desktop\grain weevil\kinect-depth-camera\x64\debug\depthbasics-d2d.tlog\rc.read.1.tlog
c:\users\caden\desktop\grain weevil\kinect-depth-camera\x64\debug\depthbasics-d2d.tlog\rc.write.1.tlog
